<?xml version="1.0" encoding="UTF-8"?>
<!-- Generated by org.testng.reporters.JUnitXMLReporter -->
<testsuite ignored="0" hostname="LAPTOP-42QT06F9" failures="2" tests="6" name="Test" time="53.613" errors="0" timestamp="2025-03-23T18:16:51 IST">
  <testcase classname="testCases.TC003_LoginDDT" name="verify_loginDDT" time="2.352"/>
  <testcase classname="testCases.TC003_LoginDDT" name="verify_loginDDT" time="10.839"/>
  <testcase classname="testCases.TC003_LoginDDT" name="verify_loginDDT" time="11.493"/>
  <testcase classname="testCases.TC003_LoginDDT" name="verify_loginDDT" time="11.12">
    <failure type="java.lang.AssertionError" message="expected [true] but found [false]">
      <![CDATA[java.lang.AssertionError: expected [true] but found [false]
at testCases.TC003_LoginDDT.verify_loginDDT(TC003_LoginDDT.java:50)
at java.base/java.util.ArrayList.forEach(ArrayList.java:1596)
... Removed 29 stack frames]]>
    </failure>
  </testcase> <!-- verify_loginDDT -->
  <testcase classname="testCases.TC003_LoginDDT" name="verify_loginDDT" time="10.835"/>
  <testcase classname="testCases.TC003_LoginDDT" name="verify_loginDDT" time="1.182">
    <failure type="java.lang.AssertionError" message="expected [true] but found [false]">
      <![CDATA[java.lang.AssertionError: expected [true] but found [false]
at testCases.TC003_LoginDDT.verify_loginDDT(TC003_LoginDDT.java:50)
at java.base/java.util.ArrayList.forEach(ArrayList.java:1596)
... Removed 29 stack frames]]>
    </failure>
  </testcase> <!-- verify_loginDDT -->
</testsuite> <!-- Test -->
